INFO: [VRFC 10-2263] Analyzing Verilog file "D:/programowanie/verilog/lab8_median/hdmi_vga_zybo_LN/hdmi_vga_zybo_LN.gen/sources_1/ip/delayLineBRAM/sim/delayLineBRAM.v" into library xil_defaultlib
INFO: [VRFC 10-311] analyzing module delayLineBRAM
INFO: [VRFC 10-2263] Analyzing Verilog file "D:/programowanie/verilog/lab8_median/hdmi_vga_zybo_LN/hdmi_vga_zybo_LN.gen/sources_1/ip/divider_32_20_0/src/divider_32_20.v" into library xil_defaultlib
INFO: [VRFC 10-311] analyzing module divider_32_20
INFO: [VRFC 10-2263] Analyzing Verilog file "D:/programowanie/verilog/lab8_median/hdmi_vga_zybo_LN/hdmi_vga_zybo_LN.gen/sources_1/ip/divider_32_20_0/sim/divider_32_20_0.v" into library xil_defaultlib
INFO: [VRFC 10-311] analyzing module divider_32_20_0
INFO: [VRFC 10-2263] Analyzing Verilog file "D:/programowanie/verilog/lab8_median/hdmi_vga_zybo_LN/hdmi_vga_zybo_LN.gen/sources_1/ip/rgb2ycbcr_0/src/delay_line.v" into library xil_defaultlib
INFO: [VRFC 10-311] analyzing module delay_line
INFO: [VRFC 10-2263] Analyzing Verilog file "D:/programowanie/verilog/lab8_median/hdmi_vga_zybo_LN/hdmi_vga_zybo_LN.gen/sources_1/ip/rgb2ycbcr_0/src/register.v" into library xil_defaultlib
INFO: [VRFC 10-311] analyzing module register
INFO: [VRFC 10-2263] Analyzing Verilog file "D:/programowanie/verilog/lab8_median/hdmi_vga_zybo_LN/hdmi_vga_zybo_LN.gen/sources_1/ip/rgb2ycbcr_0/src/rgb2ycbcr.v" into library xil_defaultlib
INFO: [VRFC 10-311] analyzing module rgb2ycbcr
INFO: [VRFC 10-2263] Analyzing Verilog file "D:/programowanie/verilog/lab8_median/hdmi_vga_zybo_LN/hdmi_vga_zybo_LN.gen/sources_1/ip/rgb2ycbcr_0/sim/rgb2ycbcr_0.v" into library xil_defaultlib
INFO: [VRFC 10-311] analyzing module rgb2ycbcr_0
INFO: [VRFC 10-2263] Analyzing Verilog file "D:/programowanie/verilog/lab8_median/hdmi_vga_zybo_LN/hdmi_vga_zybo_LN.srcs/sources_1/new/binarization.v" into library xil_defaultlib
INFO: [VRFC 10-311] analyzing module binarization
INFO: [VRFC 10-2263] Analyzing Verilog file "D:/programowanie/verilog/lab8_median/hdmi_vga_zybo_LN/hdmi_vga_zybo_LN.srcs/sources_1/new/centroid.v" into library xil_defaultlib
INFO: [VRFC 10-311] analyzing module centroid
INFO: [VRFC 10-2263] Analyzing Verilog file "D:/programowanie/verilog/lab8_median/hdmi_vga_zybo_LN/hdmi_vga_zybo_LN.srcs/sources_1/new/delayLinieBRAM_WP.v" into library xil_defaultlib
INFO: [VRFC 10-311] analyzing module delayLinieBRAM_WP
INFO: [VRFC 10-2263] Analyzing Verilog file "D:/programowanie/verilog/lab8_median/hdmi_vga_zybo_LN/hdmi_vga_zybo_LN.srcs/sources_1/new/delay_line.v" into library xil_defaultlib
INFO: [VRFC 10-311] analyzing module delay_line
WARNING: [VRFC 10-3609] overwriting previous definition of module 'delay_line' [D:/programowanie/verilog/lab8_median/hdmi_vga_zybo_LN/hdmi_vga_zybo_LN.srcs/sources_1/new/delay_line.v:22]
INFO: [VRFC 10-2263] Analyzing Verilog file "D:/programowanie/verilog/lab8_median/hdmi_vga_zybo_LN/hdmi_vga_zybo_LN.srcs/sources_1/imports/tb_src/hdmi_in.v" into library xil_defaultlib
INFO: [VRFC 10-311] analyzing module hdmi_in
INFO: [VRFC 10-2263] Analyzing Verilog file "D:/programowanie/verilog/lab8_median/hdmi_vga_zybo_LN/hdmi_vga_zybo_LN.srcs/sources_1/imports/tb_src/hdmi_out.v" into library xil_defaultlib
INFO: [VRFC 10-311] analyzing module hdmi_out
INFO: [VRFC 10-2263] Analyzing Verilog file "D:/programowanie/verilog/lab8_median/hdmi_vga_zybo_LN/hdmi_vga_zybo_LN.srcs/sources_1/new/median5x5.v" into library xil_defaultlib
INFO: [VRFC 10-311] analyzing module median5x5
INFO: [VRFC 10-2263] Analyzing Verilog file "D:/programowanie/verilog/lab8_median/hdmi_vga_zybo_LN/hdmi_vga_zybo_LN.srcs/sources_1/new/register.v" into library xil_defaultlib
INFO: [VRFC 10-311] analyzing module register
WARNING: [VRFC 10-3609] overwriting previous definition of module 'register' [D:/programowanie/verilog/lab8_median/hdmi_vga_zybo_LN/hdmi_vga_zybo_LN.srcs/sources_1/new/register.v:23]
INFO: [VRFC 10-2263] Analyzing Verilog file "D:/programowanie/verilog/lab8_median/hdmi_vga_zybo_LN/hdmi_vga_zybo_LN.srcs/sources_1/new/vis_centroid.v" into library xil_defaultlib
INFO: [VRFC 10-311] analyzing module vis_centroid
INFO: [VRFC 10-2263] Analyzing Verilog file "D:/programowanie/verilog/lab8_median/hdmi_vga_zybo_LN/hdmi_vga_zybo_LN.srcs/sources_1/new/vp.v" into library xil_defaultlib
INFO: [VRFC 10-311] analyzing module vp
INFO: [VRFC 10-2263] Analyzing Verilog file "D:/programowanie/verilog/lab8_median/hdmi_vga_zybo_LN/hdmi_vga_zybo_LN.srcs/sim_1/imports/tb_src/tb_hdmi.v" into library xil_defaultlib
INFO: [VRFC 10-311] analyzing module tb_hdmi
