
*** Running vivado
    with args -log hdmi_vga_wrapper.vds -m64 -product Vivado -mode batch -messageDb vivado.pb -notrace -source hdmi_vga_wrapper.tcl



****** Vivado v2022.2 (64-bit)
  **** SW Build 3671981 on Fri Oct 14 05:00:03 MDT 2022
  **** IP Build 3669848 on Fri Oct 14 08:30:02 MDT 2022
    ** Copyright 1986-2022 Xilinx, Inc. All Rights Reserved.

source hdmi_vga_wrapper.tcl -notrace
INFO: [IP_Flow 19-234] Refreshing IP repositories
INFO: [IP_Flow 19-1700] Loaded user IP repository 'd:/programowanie/verilog/lab8_median/vivado-library'.
INFO: [IP_Flow 19-1700] Loaded user IP repository 'd:/programowanie/verilog/lab8_median/ip_repo'.
INFO: [IP_Flow 19-1700] Loaded user IP repository 'd:/programowanie/verilog/lab8_median/divider_32_20_0'.
INFO: [IP_Flow 19-2313] Loaded Vivado IP repository 'D:/Vivado/Vivado/2022.2/data/ip'.
add_files: Time (s): cpu = 00:00:02 ; elapsed = 00:00:06 . Memory (MB): peak = 459.953 ; gain = 39.781
Command: read_checkpoint -auto_incremental -incremental D:/programowanie/verilog/lab8_median/hdmi_vga_zybo_LN/hdmi_vga_zybo_LN.srcs/utils_1/imports/synth_1/vp.dcp
INFO: [Vivado 12-5825] Read reference checkpoint from D:/programowanie/verilog/lab8_median/hdmi_vga_zybo_LN/hdmi_vga_zybo_LN.srcs/utils_1/imports/synth_1/vp.dcp for incremental synthesis
INFO: [Vivado 12-7989] Please ensure there are no constraint changes
Command: synth_design -top hdmi_vga_wrapper -part xc7z010clg400-1
Starting synth_design
Attempting to get a license for feature 'Synthesis' and/or device 'xc7z010'
INFO: [Common 17-349] Got license for feature 'Synthesis' and/or device 'xc7z010'
INFO: [Device 21-403] Loading part xc7z010clg400-1
INFO: [Designutils 20-5440] No compile time benefit to using incremental synthesis; A full resynthesis will be run
INFO: [Designutils 20-4379] Flow is switching to default flow due to incremental criteria not met. If you would like to alter this behaviour and have the flow terminate instead, please set the following parameter config_implementation {autoIncr.Synth.RejectBehavior Terminate}
INFO: [Synth 8-7079] Multithreading enabled for synth_design using a maximum of 2 processes.
INFO: [Synth 8-7078] Launching helper process for spawning children vivado processes
INFO: [Synth 8-7075] Helper process launched with PID 18700
INFO: [Synth 8-11241] undeclared symbol 'REGCCE', assumed default net type 'wire' [D:/Vivado/Vivado/2022.2/data/verilog/src/unimacro/BRAM_SINGLE_MACRO.v:2170]
---------------------------------------------------------------------------------
Starting RTL Elaboration : Time (s): cpu = 00:00:06 ; elapsed = 00:00:06 . Memory (MB): peak = 1256.781 ; gain = 407.754
---------------------------------------------------------------------------------
INFO: [Synth 8-6157] synthesizing module 'hdmi_vga_wrapper' [D:/programowanie/verilog/lab8_median/hdmi_vga_zybo_LN/hdmi_vga_zybo_LN.gen/sources_1/bd/hdmi_vga/hdl/hdmi_vga_wrapper.v:12]
INFO: [Synth 8-6157] synthesizing module 'IOBUF' [D:/Vivado/Vivado/2022.2/scripts/rt/data/unisim_comp.v:75902]
INFO: [Synth 8-6155] done synthesizing module 'IOBUF' (0#1) [D:/Vivado/Vivado/2022.2/scripts/rt/data/unisim_comp.v:75902]
INFO: [Synth 8-6157] synthesizing module 'hdmi_vga' [d:/programowanie/verilog/lab8_median/hdmi_vga_zybo_LN/hdmi_vga_zybo_LN.gen/sources_1/bd/hdmi_vga/synth/hdmi_vga.v:12]
INFO: [Synth 8-6157] synthesizing module 'hdmi_vga_clk_wiz_0_0' [D:/programowanie/verilog/lab8_median/hdmi_vga_zybo_LN/hdmi_vga_zybo_LN.runs/synth_1/.Xil/Vivado-12728-LAPTOP-8401LO1G/realtime/hdmi_vga_clk_wiz_0_0_stub.v:5]
INFO: [Synth 8-6155] done synthesizing module 'hdmi_vga_clk_wiz_0_0' (0#1) [D:/programowanie/verilog/lab8_median/hdmi_vga_zybo_LN/hdmi_vga_zybo_LN.runs/synth_1/.Xil/Vivado-12728-LAPTOP-8401LO1G/realtime/hdmi_vga_clk_wiz_0_0_stub.v:5]
INFO: [Synth 8-6157] synthesizing module 'hdmi_vga_dvi2rgb_0_0' [D:/programowanie/verilog/lab8_median/hdmi_vga_zybo_LN/hdmi_vga_zybo_LN.runs/synth_1/.Xil/Vivado-12728-LAPTOP-8401LO1G/realtime/hdmi_vga_dvi2rgb_0_0_stub.v:5]
INFO: [Synth 8-6155] done synthesizing module 'hdmi_vga_dvi2rgb_0_0' (0#1) [D:/programowanie/verilog/lab8_median/hdmi_vga_zybo_LN/hdmi_vga_zybo_LN.runs/synth_1/.Xil/Vivado-12728-LAPTOP-8401LO1G/realtime/hdmi_vga_dvi2rgb_0_0_stub.v:5]
WARNING: [Synth 8-7071] port 'aPixelClkLckd' of module 'hdmi_vga_dvi2rgb_0_0' is unconnected for instance 'dvi2rgb_0' [d:/programowanie/verilog/lab8_median/hdmi_vga_zybo_LN/hdmi_vga_zybo_LN.gen/sources_1/bd/hdmi_vga/synth/hdmi_vga.v:105]
WARNING: [Synth 8-7071] port 'pLocked' of module 'hdmi_vga_dvi2rgb_0_0' is unconnected for instance 'dvi2rgb_0' [d:/programowanie/verilog/lab8_median/hdmi_vga_zybo_LN/hdmi_vga_zybo_LN.gen/sources_1/bd/hdmi_vga/synth/hdmi_vga.v:105]
WARNING: [Synth 8-7023] instance 'dvi2rgb_0' of module 'hdmi_vga_dvi2rgb_0_0' has 20 connections declared, but only 18 given [d:/programowanie/verilog/lab8_median/hdmi_vga_zybo_LN/hdmi_vga_zybo_LN.gen/sources_1/bd/hdmi_vga/synth/hdmi_vga.v:105]
INFO: [Synth 8-6157] synthesizing module 'hdmi_vga_rgb2vga_0_0' [D:/programowanie/verilog/lab8_median/hdmi_vga_zybo_LN/hdmi_vga_zybo_LN.runs/synth_1/.Xil/Vivado-12728-LAPTOP-8401LO1G/realtime/hdmi_vga_rgb2vga_0_0_stub.v:5]
INFO: [Synth 8-6155] done synthesizing module 'hdmi_vga_rgb2vga_0_0' (0#1) [D:/programowanie/verilog/lab8_median/hdmi_vga_zybo_LN/hdmi_vga_zybo_LN.runs/synth_1/.Xil/Vivado-12728-LAPTOP-8401LO1G/realtime/hdmi_vga_rgb2vga_0_0_stub.v:5]
INFO: [Synth 8-6157] synthesizing module 'hdmi_vga_vp_0_0' [D:/programowanie/verilog/lab8_median/hdmi_vga_zybo_LN/hdmi_vga_zybo_LN.runs/synth_1/.Xil/Vivado-12728-LAPTOP-8401LO1G/realtime/hdmi_vga_vp_0_0_stub.v:5]
INFO: [Synth 8-6155] done synthesizing module 'hdmi_vga_vp_0_0' (0#1) [D:/programowanie/verilog/lab8_median/hdmi_vga_zybo_LN/hdmi_vga_zybo_LN.runs/synth_1/.Xil/Vivado-12728-LAPTOP-8401LO1G/realtime/hdmi_vga_vp_0_0_stub.v:5]
INFO: [Synth 8-6157] synthesizing module 'hdmi_vga_xlconstant_0_0' [d:/programowanie/verilog/lab8_median/hdmi_vga_zybo_LN/hdmi_vga_zybo_LN.gen/sources_1/bd/hdmi_vga/ip/hdmi_vga_xlconstant_0_0/synth/hdmi_vga_xlconstant_0_0.v:53]
INFO: [Synth 8-6157] synthesizing module 'xlconstant_v1_1_7_xlconstant' [d:/programowanie/verilog/lab8_median/hdmi_vga_zybo_LN/hdmi_vga_zybo_LN.gen/sources_1/bd/hdmi_vga/ipshared/badb/hdl/xlconstant_v1_1_vl_rfs.v:23]
INFO: [Synth 8-6155] done synthesizing module 'xlconstant_v1_1_7_xlconstant' (0#1) [d:/programowanie/verilog/lab8_median/hdmi_vga_zybo_LN/hdmi_vga_zybo_LN.gen/sources_1/bd/hdmi_vga/ipshared/badb/hdl/xlconstant_v1_1_vl_rfs.v:23]
INFO: [Synth 8-6155] done synthesizing module 'hdmi_vga_xlconstant_0_0' (0#1) [d:/programowanie/verilog/lab8_median/hdmi_vga_zybo_LN/hdmi_vga_zybo_LN.gen/sources_1/bd/hdmi_vga/ip/hdmi_vga_xlconstant_0_0/synth/hdmi_vga_xlconstant_0_0.v:53]
INFO: [Synth 8-6157] synthesizing module 'hdmi_vga_xlconstant_0_1' [d:/programowanie/verilog/lab8_median/hdmi_vga_zybo_LN/hdmi_vga_zybo_LN.gen/sources_1/bd/hdmi_vga/ip/hdmi_vga_xlconstant_0_1/synth/hdmi_vga_xlconstant_0_1.v:53]
INFO: [Synth 8-6157] synthesizing module 'xlconstant_v1_1_7_xlconstant__parameterized0' [d:/programowanie/verilog/lab8_median/hdmi_vga_zybo_LN/hdmi_vga_zybo_LN.gen/sources_1/bd/hdmi_vga/ipshared/badb/hdl/xlconstant_v1_1_vl_rfs.v:23]
INFO: [Synth 8-6155] done synthesizing module 'xlconstant_v1_1_7_xlconstant__parameterized0' (0#1) [d:/programowanie/verilog/lab8_median/hdmi_vga_zybo_LN/hdmi_vga_zybo_LN.gen/sources_1/bd/hdmi_vga/ipshared/badb/hdl/xlconstant_v1_1_vl_rfs.v:23]
INFO: [Synth 8-6155] done synthesizing module 'hdmi_vga_xlconstant_0_1' (0#1) [d:/programowanie/verilog/lab8_median/hdmi_vga_zybo_LN/hdmi_vga_zybo_LN.gen/sources_1/bd/hdmi_vga/ip/hdmi_vga_xlconstant_0_1/synth/hdmi_vga_xlconstant_0_1.v:53]
INFO: [Synth 8-6155] done synthesizing module 'hdmi_vga' (0#1) [d:/programowanie/verilog/lab8_median/hdmi_vga_zybo_LN/hdmi_vga_zybo_LN.gen/sources_1/bd/hdmi_vga/synth/hdmi_vga.v:12]
INFO: [Synth 8-6155] done synthesizing module 'hdmi_vga_wrapper' (0#1) [D:/programowanie/verilog/lab8_median/hdmi_vga_zybo_LN/hdmi_vga_zybo_LN.gen/sources_1/bd/hdmi_vga/hdl/hdmi_vga_wrapper.v:12]
---------------------------------------------------------------------------------
Finished RTL Elaboration : Time (s): cpu = 00:00:08 ; elapsed = 00:00:08 . Memory (MB): peak = 1350.297 ; gain = 501.270
---------------------------------------------------------------------------------
---------------------------------------------------------------------------------
Start Handling Custom Attributes
---------------------------------------------------------------------------------
---------------------------------------------------------------------------------
Finished Handling Custom Attributes : Time (s): cpu = 00:00:08 ; elapsed = 00:00:08 . Memory (MB): peak = 1350.297 ; gain = 501.270
---------------------------------------------------------------------------------
---------------------------------------------------------------------------------
Finished RTL Optimization Phase 1 : Time (s): cpu = 00:00:08 ; elapsed = 00:00:08 . Memory (MB): peak = 1350.297 ; gain = 501.270
---------------------------------------------------------------------------------
Netlist sorting complete. Time (s): cpu = 00:00:00 ; elapsed = 00:00:00.001 . Memory (MB): peak = 1350.297 ; gain = 0.000
INFO: [Netlist 29-17] Analyzing 2 Unisim elements for replacement
INFO: [Netlist 29-28] Unisim Transformation completed in 0 CPU seconds
INFO: [Project 1-570] Preparing netlist for logic optimization

Processing XDC Constraints
Initializing timing engine
Parsing XDC File [d:/programowanie/verilog/lab8_median/hdmi_vga_zybo_LN/hdmi_vga_zybo_LN.gen/sources_1/bd/hdmi_vga/ip/hdmi_vga_dvi2rgb_0_0/hdmi_vga_dvi2rgb_0_0/hdmi_vga_dvi2rgb_0_0_in_context.xdc] for cell 'hdmi_vga_i/dvi2rgb_0'
Finished Parsing XDC File [d:/programowanie/verilog/lab8_median/hdmi_vga_zybo_LN/hdmi_vga_zybo_LN.gen/sources_1/bd/hdmi_vga/ip/hdmi_vga_dvi2rgb_0_0/hdmi_vga_dvi2rgb_0_0/hdmi_vga_dvi2rgb_0_0_in_context.xdc] for cell 'hdmi_vga_i/dvi2rgb_0'
Parsing XDC File [d:/programowanie/verilog/lab8_median/hdmi_vga_zybo_LN/hdmi_vga_zybo_LN.gen/sources_1/bd/hdmi_vga/ip/hdmi_vga_rgb2vga_0_0/hdmi_vga_rgb2vga_0_0/hdmi_vga_rgb2vga_0_0_in_context.xdc] for cell 'hdmi_vga_i/rgb2vga_0'
Finished Parsing XDC File [d:/programowanie/verilog/lab8_median/hdmi_vga_zybo_LN/hdmi_vga_zybo_LN.gen/sources_1/bd/hdmi_vga/ip/hdmi_vga_rgb2vga_0_0/hdmi_vga_rgb2vga_0_0/hdmi_vga_rgb2vga_0_0_in_context.xdc] for cell 'hdmi_vga_i/rgb2vga_0'
Parsing XDC File [d:/programowanie/verilog/lab8_median/hdmi_vga_zybo_LN/hdmi_vga_zybo_LN.gen/sources_1/bd/hdmi_vga/ip/hdmi_vga_clk_wiz_0_0/hdmi_vga_clk_wiz_0_0/hdmi_vga_clk_wiz_0_0_in_context.xdc] for cell 'hdmi_vga_i/clk_wiz_0'
Finished Parsing XDC File [d:/programowanie/verilog/lab8_median/hdmi_vga_zybo_LN/hdmi_vga_zybo_LN.gen/sources_1/bd/hdmi_vga/ip/hdmi_vga_clk_wiz_0_0/hdmi_vga_clk_wiz_0_0/hdmi_vga_clk_wiz_0_0_in_context.xdc] for cell 'hdmi_vga_i/clk_wiz_0'
Parsing XDC File [d:/programowanie/verilog/lab8_median/hdmi_vga_zybo_LN/hdmi_vga_zybo_LN.gen/sources_1/bd/hdmi_vga/ip/hdmi_vga_vp_0_0/hdmi_vga_vp_0_0/hdmi_vga_vp_0_0_in_context.xdc] for cell 'hdmi_vga_i/vp_0'
Finished Parsing XDC File [d:/programowanie/verilog/lab8_median/hdmi_vga_zybo_LN/hdmi_vga_zybo_LN.gen/sources_1/bd/hdmi_vga/ip/hdmi_vga_vp_0_0/hdmi_vga_vp_0_0/hdmi_vga_vp_0_0_in_context.xdc] for cell 'hdmi_vga_i/vp_0'
Parsing XDC File [D:/programowanie/verilog/lab8_median/hdmi_vga_zybo_LN/hdmi_vga_zybo_LN.srcs/constrs_1/imports/hdmi_vga_zybo_src/Zybo_HDMI.xdc]
Finished Parsing XDC File [D:/programowanie/verilog/lab8_median/hdmi_vga_zybo_LN/hdmi_vga_zybo_LN.srcs/constrs_1/imports/hdmi_vga_zybo_src/Zybo_HDMI.xdc]
INFO: [Project 1-236] Implementation specific constraints were found while reading constraint file [D:/programowanie/verilog/lab8_median/hdmi_vga_zybo_LN/hdmi_vga_zybo_LN.srcs/constrs_1/imports/hdmi_vga_zybo_src/Zybo_HDMI.xdc]. These constraints will be ignored for synthesis but will be used in implementation. Impacted constraints are listed in the file [.Xil/hdmi_vga_wrapper_propImpl.xdc].
Resolution: To avoid this warning, move constraints listed in [.Xil/hdmi_vga_wrapper_propImpl.xdc] to another XDC file and exclude this new file from synthesis with the used_in_synthesis property (File Properties dialog in GUI) and re-run elaboration/synthesis.
Parsing XDC File [D:/programowanie/verilog/lab8_median/hdmi_vga_zybo_LN/hdmi_vga_zybo_LN.runs/synth_1/dont_touch.xdc]
Finished Parsing XDC File [D:/programowanie/verilog/lab8_median/hdmi_vga_zybo_LN/hdmi_vga_zybo_LN.runs/synth_1/dont_touch.xdc]
Completed Processing XDC Constraints

Netlist sorting complete. Time (s): cpu = 00:00:00 ; elapsed = 00:00:00 . Memory (MB): peak = 1384.578 ; gain = 0.000
INFO: [Project 1-111] Unisim Transformation Summary:
  A total of 2 instances were transformed.
  IOBUF => IOBUF (IBUF, OBUFT): 2 instances

Constraint Validation Runtime : Time (s): cpu = 00:00:00 ; elapsed = 00:00:00.004 . Memory (MB): peak = 1384.578 ; gain = 0.000
WARNING: [Timing 38-316] Clock period '10.000' specified during out-of-context synthesis of instance 'hdmi_vga_i/vp_0' at clock pin 'clk' is different from the actual clock period '6.060', this can lead to different synthesis results.
INFO: [Designutils 20-5440] No compile time benefit to using incremental synthesis; A full resynthesis will be run
INFO: [Designutils 20-4379] Flow is switching to default flow due to incremental criteria not met. If you would like to alter this behaviour and have the flow terminate instead, please set the following parameter config_implementation {autoIncr.Synth.RejectBehavior Terminate}
INFO: [Synth 8-11241] undeclared symbol 'REGCCE', assumed default net type 'wire' [D:/Vivado/Vivado/2022.2/data/verilog/src/unimacro/BRAM_SINGLE_MACRO.v:2170]
---------------------------------------------------------------------------------
Finished Constraint Validation : Time (s): cpu = 00:00:16 ; elapsed = 00:00:17 . Memory (MB): peak = 1387.105 ; gain = 538.078
---------------------------------------------------------------------------------
---------------------------------------------------------------------------------
Start Loading Part and Timing Information
---------------------------------------------------------------------------------
Loading part: xc7z010clg400-1
---------------------------------------------------------------------------------
Finished Loading Part and Timing Information : Time (s): cpu = 00:00:16 ; elapsed = 00:00:17 . Memory (MB): peak = 1387.105 ; gain = 538.078
---------------------------------------------------------------------------------
---------------------------------------------------------------------------------
Start Applying 'set_property' XDC Constraints
---------------------------------------------------------------------------------
Applied set_property IO_BUFFER_TYPE = NONE for hdmi_in_clk_n. (constraint file  d:/programowanie/verilog/lab8_median/hdmi_vga_zybo_LN/hdmi_vga_zybo_LN.gen/sources_1/bd/hdmi_vga/ip/hdmi_vga_dvi2rgb_0_0/hdmi_vga_dvi2rgb_0_0/hdmi_vga_dvi2rgb_0_0_in_context.xdc, line 2).
Applied set_property CLOCK_BUFFER_TYPE = NONE for hdmi_in_clk_n. (constraint file  d:/programowanie/verilog/lab8_median/hdmi_vga_zybo_LN/hdmi_vga_zybo_LN.gen/sources_1/bd/hdmi_vga/ip/hdmi_vga_dvi2rgb_0_0/hdmi_vga_dvi2rgb_0_0/hdmi_vga_dvi2rgb_0_0_in_context.xdc, line 3).
Applied set_property IO_BUFFER_TYPE = NONE for hdmi_in_clk_p. (constraint file  d:/programowanie/verilog/lab8_median/hdmi_vga_zybo_LN/hdmi_vga_zybo_LN.gen/sources_1/bd/hdmi_vga/ip/hdmi_vga_dvi2rgb_0_0/hdmi_vga_dvi2rgb_0_0/hdmi_vga_dvi2rgb_0_0_in_context.xdc, line 4).
Applied set_property CLOCK_BUFFER_TYPE = NONE for hdmi_in_clk_p. (constraint file  d:/programowanie/verilog/lab8_median/hdmi_vga_zybo_LN/hdmi_vga_zybo_LN.gen/sources_1/bd/hdmi_vga/ip/hdmi_vga_dvi2rgb_0_0/hdmi_vga_dvi2rgb_0_0/hdmi_vga_dvi2rgb_0_0_in_context.xdc, line 5).
Applied set_property IO_BUFFER_TYPE = NONE for hdmi_in_data_n[0]. (constraint file  d:/programowanie/verilog/lab8_median/hdmi_vga_zybo_LN/hdmi_vga_zybo_LN.gen/sources_1/bd/hdmi_vga/ip/hdmi_vga_dvi2rgb_0_0/hdmi_vga_dvi2rgb_0_0/hdmi_vga_dvi2rgb_0_0_in_context.xdc, line 6).
Applied set_property CLOCK_BUFFER_TYPE = NONE for hdmi_in_data_n[0]. (constraint file  d:/programowanie/verilog/lab8_median/hdmi_vga_zybo_LN/hdmi_vga_zybo_LN.gen/sources_1/bd/hdmi_vga/ip/hdmi_vga_dvi2rgb_0_0/hdmi_vga_dvi2rgb_0_0/hdmi_vga_dvi2rgb_0_0_in_context.xdc, line 7).
Applied set_property IO_BUFFER_TYPE = NONE for hdmi_in_data_n[1]. (constraint file  d:/programowanie/verilog/lab8_median/hdmi_vga_zybo_LN/hdmi_vga_zybo_LN.gen/sources_1/bd/hdmi_vga/ip/hdmi_vga_dvi2rgb_0_0/hdmi_vga_dvi2rgb_0_0/hdmi_vga_dvi2rgb_0_0_in_context.xdc, line 8).
Applied set_property CLOCK_BUFFER_TYPE = NONE for hdmi_in_data_n[1]. (constraint file  d:/programowanie/verilog/lab8_median/hdmi_vga_zybo_LN/hdmi_vga_zybo_LN.gen/sources_1/bd/hdmi_vga/ip/hdmi_vga_dvi2rgb_0_0/hdmi_vga_dvi2rgb_0_0/hdmi_vga_dvi2rgb_0_0_in_context.xdc, line 9).
Applied set_property IO_BUFFER_TYPE = NONE for hdmi_in_data_n[2]. (constraint file  d:/programowanie/verilog/lab8_median/hdmi_vga_zybo_LN/hdmi_vga_zybo_LN.gen/sources_1/bd/hdmi_vga/ip/hdmi_vga_dvi2rgb_0_0/hdmi_vga_dvi2rgb_0_0/hdmi_vga_dvi2rgb_0_0_in_context.xdc, line 10).
Applied set_property CLOCK_BUFFER_TYPE = NONE for hdmi_in_data_n[2]. (constraint file  d:/programowanie/verilog/lab8_median/hdmi_vga_zybo_LN/hdmi_vga_zybo_LN.gen/sources_1/bd/hdmi_vga/ip/hdmi_vga_dvi2rgb_0_0/hdmi_vga_dvi2rgb_0_0/hdmi_vga_dvi2rgb_0_0_in_context.xdc, line 11).
Applied set_property IO_BUFFER_TYPE = NONE for hdmi_in_data_p[0]. (constraint file  d:/programowanie/verilog/lab8_median/hdmi_vga_zybo_LN/hdmi_vga_zybo_LN.gen/sources_1/bd/hdmi_vga/ip/hdmi_vga_dvi2rgb_0_0/hdmi_vga_dvi2rgb_0_0/hdmi_vga_dvi2rgb_0_0_in_context.xdc, line 12).
Applied set_property CLOCK_BUFFER_TYPE = NONE for hdmi_in_data_p[0]. (constraint file  d:/programowanie/verilog/lab8_median/hdmi_vga_zybo_LN/hdmi_vga_zybo_LN.gen/sources_1/bd/hdmi_vga/ip/hdmi_vga_dvi2rgb_0_0/hdmi_vga_dvi2rgb_0_0/hdmi_vga_dvi2rgb_0_0_in_context.xdc, line 13).
Applied set_property IO_BUFFER_TYPE = NONE for hdmi_in_data_p[1]. (constraint file  d:/programowanie/verilog/lab8_median/hdmi_vga_zybo_LN/hdmi_vga_zybo_LN.gen/sources_1/bd/hdmi_vga/ip/hdmi_vga_dvi2rgb_0_0/hdmi_vga_dvi2rgb_0_0/hdmi_vga_dvi2rgb_0_0_in_context.xdc, line 14).
Applied set_property CLOCK_BUFFER_TYPE = NONE for hdmi_in_data_p[1]. (constraint file  d:/programowanie/verilog/lab8_median/hdmi_vga_zybo_LN/hdmi_vga_zybo_LN.gen/sources_1/bd/hdmi_vga/ip/hdmi_vga_dvi2rgb_0_0/hdmi_vga_dvi2rgb_0_0/hdmi_vga_dvi2rgb_0_0_in_context.xdc, line 15).
Applied set_property IO_BUFFER_TYPE = NONE for hdmi_in_data_p[2]. (constraint file  d:/programowanie/verilog/lab8_median/hdmi_vga_zybo_LN/hdmi_vga_zybo_LN.gen/sources_1/bd/hdmi_vga/ip/hdmi_vga_dvi2rgb_0_0/hdmi_vga_dvi2rgb_0_0/hdmi_vga_dvi2rgb_0_0_in_context.xdc, line 16).
Applied set_property CLOCK_BUFFER_TYPE = NONE for hdmi_in_data_p[2]. (constraint file  d:/programowanie/verilog/lab8_median/hdmi_vga_zybo_LN/hdmi_vga_zybo_LN.gen/sources_1/bd/hdmi_vga/ip/hdmi_vga_dvi2rgb_0_0/hdmi_vga_dvi2rgb_0_0/hdmi_vga_dvi2rgb_0_0_in_context.xdc, line 17).
Applied set_property IO_BUFFER_TYPE = NONE for sys_clock. (constraint file  d:/programowanie/verilog/lab8_median/hdmi_vga_zybo_LN/hdmi_vga_zybo_LN.gen/sources_1/bd/hdmi_vga/ip/hdmi_vga_clk_wiz_0_0/hdmi_vga_clk_wiz_0_0/hdmi_vga_clk_wiz_0_0_in_context.xdc, line 3).
Applied set_property CLOCK_BUFFER_TYPE = NONE for sys_clock. (constraint file  d:/programowanie/verilog/lab8_median/hdmi_vga_zybo_LN/hdmi_vga_zybo_LN.gen/sources_1/bd/hdmi_vga/ip/hdmi_vga_clk_wiz_0_0/hdmi_vga_clk_wiz_0_0/hdmi_vga_clk_wiz_0_0_in_context.xdc, line 4).
Applied set_property KEEP_HIERARCHY = SOFT for hdmi_vga_i. (constraint file  auto generated constraint).
Applied set_property KEEP_HIERARCHY = SOFT for hdmi_vga_i/dvi2rgb_0. (constraint file  auto generated constraint).
Applied set_property KEEP_HIERARCHY = SOFT for hdmi_vga_i/rgb2vga_0. (constraint file  auto generated constraint).
Applied set_property KEEP_HIERARCHY = SOFT for hdmi_vga_i/clk_wiz_0. (constraint file  auto generated constraint).
Applied set_property KEEP_HIERARCHY = SOFT for hdmi_vga_i/xlconstant_0. (constraint file  auto generated constraint).
Applied set_property KEEP_HIERARCHY = SOFT for hdmi_vga_i/xlconstant_1. (constraint file  auto generated constraint).
Applied set_property KEEP_HIERARCHY = SOFT for hdmi_vga_i/vp_0. (constraint file  auto generated constraint).
---------------------------------------------------------------------------------
Finished applying 'set_property' XDC Constraints : Time (s): cpu = 00:00:16 ; elapsed = 00:00:17 . Memory (MB): peak = 1387.105 ; gain = 538.078
---------------------------------------------------------------------------------
---------------------------------------------------------------------------------
Finished RTL Optimization Phase 2 : Time (s): cpu = 00:00:17 ; elapsed = 00:00:17 . Memory (MB): peak = 1387.105 ; gain = 538.078
---------------------------------------------------------------------------------
---------------------------------------------------------------------------------
Start RTL Component Statistics 
---------------------------------------------------------------------------------
Detailed RTL Component Info : 
---------------------------------------------------------------------------------
Finished RTL Component Statistics 
---------------------------------------------------------------------------------
---------------------------------------------------------------------------------
Start Part Resource Summary
---------------------------------------------------------------------------------
Part Resources:
DSPs: 80 (col length:40)
BRAMs: 120 (col length: RAMB18 40 RAMB36 20)
---------------------------------------------------------------------------------
Finished Part Resource Summary
---------------------------------------------------------------------------------
---------------------------------------------------------------------------------
Start Cross Boundary and Area Optimization
---------------------------------------------------------------------------------
WARNING: [Synth 8-7080] Parallel synthesis criteria is not met
---------------------------------------------------------------------------------
Finished Cross Boundary and Area Optimization : Time (s): cpu = 00:00:19 ; elapsed = 00:00:19 . Memory (MB): peak = 1387.105 ; gain = 538.078
---------------------------------------------------------------------------------
---------------------------------------------------------------------------------
Start Applying XDC Timing Constraints
---------------------------------------------------------------------------------
---------------------------------------------------------------------------------
Finished Applying XDC Timing Constraints : Time (s): cpu = 00:00:25 ; elapsed = 00:00:25 . Memory (MB): peak = 1387.105 ; gain = 538.078
---------------------------------------------------------------------------------
---------------------------------------------------------------------------------
Start Timing Optimization
---------------------------------------------------------------------------------
---------------------------------------------------------------------------------
Finished Timing Optimization : Time (s): cpu = 00:00:25 ; elapsed = 00:00:25 . Memory (MB): peak = 1387.105 ; gain = 538.078
---------------------------------------------------------------------------------
---------------------------------------------------------------------------------
Start Technology Mapping
---------------------------------------------------------------------------------
---------------------------------------------------------------------------------
Finished Technology Mapping : Time (s): cpu = 00:00:25 ; elapsed = 00:00:26 . Memory (MB): peak = 1387.105 ; gain = 538.078
---------------------------------------------------------------------------------
---------------------------------------------------------------------------------
Start IO Insertion
---------------------------------------------------------------------------------
---------------------------------------------------------------------------------
Start Flattening Before IO Insertion
---------------------------------------------------------------------------------
---------------------------------------------------------------------------------
Finished Flattening Before IO Insertion
---------------------------------------------------------------------------------
---------------------------------------------------------------------------------
Start Final Netlist Cleanup
---------------------------------------------------------------------------------
---------------------------------------------------------------------------------
Finished Final Netlist Cleanup
---------------------------------------------------------------------------------
---------------------------------------------------------------------------------
Finished IO Insertion : Time (s): cpu = 00:00:30 ; elapsed = 00:00:31 . Memory (MB): peak = 1387.105 ; gain = 538.078
---------------------------------------------------------------------------------
---------------------------------------------------------------------------------
Start Renaming Generated Instances
---------------------------------------------------------------------------------
---------------------------------------------------------------------------------
Finished Renaming Generated Instances : Time (s): cpu = 00:00:30 ; elapsed = 00:00:31 . Memory (MB): peak = 1387.105 ; gain = 538.078
---------------------------------------------------------------------------------
---------------------------------------------------------------------------------
Start Rebuilding User Hierarchy
---------------------------------------------------------------------------------
---------------------------------------------------------------------------------
Finished Rebuilding User Hierarchy : Time (s): cpu = 00:00:30 ; elapsed = 00:00:31 . Memory (MB): peak = 1387.105 ; gain = 538.078
---------------------------------------------------------------------------------
---------------------------------------------------------------------------------
Start Renaming Generated Ports
---------------------------------------------------------------------------------
---------------------------------------------------------------------------------
Finished Renaming Generated Ports : Time (s): cpu = 00:00:30 ; elapsed = 00:00:31 . Memory (MB): peak = 1387.105 ; gain = 538.078
---------------------------------------------------------------------------------
---------------------------------------------------------------------------------
Start Handling Custom Attributes
---------------------------------------------------------------------------------
---------------------------------------------------------------------------------
Finished Handling Custom Attributes : Time (s): cpu = 00:00:30 ; elapsed = 00:00:31 . Memory (MB): peak = 1387.105 ; gain = 538.078
---------------------------------------------------------------------------------
---------------------------------------------------------------------------------
Start Renaming Generated Nets
---------------------------------------------------------------------------------
---------------------------------------------------------------------------------
Finished Renaming Generated Nets : Time (s): cpu = 00:00:30 ; elapsed = 00:00:31 . Memory (MB): peak = 1387.105 ; gain = 538.078
---------------------------------------------------------------------------------
---------------------------------------------------------------------------------
Start Writing Synthesis Report
---------------------------------------------------------------------------------

Report BlackBoxes: 
+------+---------------------+----------+
|      |BlackBox name        |Instances |
+------+---------------------+----------+
|1     |hdmi_vga_clk_wiz_0_0 |         1|
|2     |hdmi_vga_dvi2rgb_0_0 |         1|
|3     |hdmi_vga_rgb2vga_0_0 |         1|
|4     |hdmi_vga_vp_0_0      |         1|
+------+---------------------+----------+

Report Cell Usage: 
+------+-------------------+------+
|      |Cell               |Count |
+------+-------------------+------+
|1     |hdmi_vga_clk_wiz_0 |     1|
|2     |hdmi_vga_dvi2rgb_0 |     1|
|3     |hdmi_vga_rgb2vga_0 |     1|
|4     |hdmi_vga_vp_0      |     1|
|5     |IBUF               |     3|
|6     |IOBUF              |     2|
|7     |OBUF               |    20|
+------+-------------------+------+
---------------------------------------------------------------------------------
Finished Writing Synthesis Report : Time (s): cpu = 00:00:30 ; elapsed = 00:00:31 . Memory (MB): peak = 1387.105 ; gain = 538.078
---------------------------------------------------------------------------------
Synthesis finished with 0 errors, 0 critical warnings and 1 warnings.
Synthesis Optimization Runtime : Time (s): cpu = 00:00:21 ; elapsed = 00:00:29 . Memory (MB): peak = 1387.105 ; gain = 501.270
Synthesis Optimization Complete : Time (s): cpu = 00:00:31 ; elapsed = 00:00:32 . Memory (MB): peak = 1387.105 ; gain = 538.078
INFO: [Project 1-571] Translating synthesized netlist
Netlist sorting complete. Time (s): cpu = 00:00:00 ; elapsed = 00:00:00.002 . Memory (MB): peak = 1387.105 ; gain = 0.000
INFO: [Netlist 29-17] Analyzing 2 Unisim elements for replacement
INFO: [Netlist 29-28] Unisim Transformation completed in 0 CPU seconds
INFO: [Project 1-570] Preparing netlist for logic optimization
INFO: [Opt 31-138] Pushed 0 inverter(s) to 0 load pin(s).
Netlist sorting complete. Time (s): cpu = 00:00:00 ; elapsed = 00:00:00 . Memory (MB): peak = 1387.105 ; gain = 0.000
INFO: [Project 1-111] Unisim Transformation Summary:
  A total of 2 instances were transformed.
  IOBUF => IOBUF (IBUF, OBUFT): 2 instances

Synth Design complete, checksum: 10b5526c
INFO: [Common 17-83] Releasing license: Synthesis
52 Infos, 5 Warnings, 0 Critical Warnings and 0 Errors encountered.
synth_design completed successfully
synth_design: Time (s): cpu = 00:00:35 ; elapsed = 00:00:37 . Memory (MB): peak = 1387.105 ; gain = 914.789
INFO: [Common 17-600] The following parameters have non-default value.
tcl.collectionResultDisplayLimit
INFO: [Common 17-1381] The checkpoint 'D:/programowanie/verilog/lab8_median/hdmi_vga_zybo_LN/hdmi_vga_zybo_LN.runs/synth_1/hdmi_vga_wrapper.dcp' has been generated.
INFO: [runtcl-4] Executing : report_utilization -file hdmi_vga_wrapper_utilization_synth.rpt -pb hdmi_vga_wrapper_utilization_synth.pb
INFO: [Common 17-206] Exiting Vivado at Wed May 22 18:12:45 2024...
